<?xml version="1.0" encoding="UTF-8"?>
<!-- Generated by org.testng.reporters.JUnitXMLReporter -->
<testsuite hostname="ip-172-31-28-100" ignored="0" name="Test" tests="7" failures="0" timestamp="2022-01-23T17:50:09 UTC" time="0.069" errors="0">
  <testcase name="testMaven1" time="0.006" classname="com.main.FirstClassMaven"/>
  <testcase name="tm2" time="0.001" classname="com.main.FirstClassMaven"/>
  <testcase name="tm3" time="0.001" classname="com.main.FirstClassMaven"/>
  <testcase name="testMaven1" time="0.001" classname="com.main.FirstClassMaven"/>
  <testcase name="tm2" time="0.001" classname="com.main.FirstClassMaven"/>
  <testcase name="tm3" time="0.001" classname="com.main.FirstClassMaven"/>
  <testcase name="tm123" time="0.0" classname="com.main.SecondClass"/>
</testsuite> <!-- Test -->
